24.04.2023 22:39:33 Сервер запущен...
24.04.2023 22:39:39 Новое подключение к серверу!
24.04.2023 22:39:42 24.04.2023 22:39:42 hfgh: dfg
24.04.2023 22:39:44 24.04.2023 22:39:44 hfgh: fm
24.04.2023 22:39:45 24.04.2023 22:39:45 hfgh: l
24.04.2023 22:39:46 24.04.2023 22:39:46 hfgh: 66
24.04.2023 22:40:14 24.04.2023 22:40:14 hfgh: exit24.04.2023 22:42:07 Test message
24.04.2023 22:42:14 Test message
24.04.2023 22:44:06 Сервер запущен...
24.04.2023 22:44:20 Новое подключение к серверу!
24.04.2023 22:44:27 24.04.2023 22:44:27 111: ffgf
24.04.2023 22:44:28 24.04.2023 22:44:28 111: fgfg
24.04.2023 22:44:29 24.04.2023 22:44:29 111: dfgd
24.04.2023 22:44:35 Сокет выключился!
24.04.2023 22:44:35 Новое подключение к серверу!
24.04.2023 22:44:40 24.04.2023 22:44:40 2222: dfg
24.04.2023 22:44:41 24.04.2023 22:44:41 2222: xh
24.04.2023 22:44:52 24.04.2023 22:44:52 2222: "/exit"
24.04.2023 22:45:00 24.04.2023 22:45:00 2222: exit
24.04.2023 23:51:04 Test message
24.04.2023 23:51:22 Test message
24.04.2023 23:59:54 Test message
25.04.2023 00:00:07 Сервер запущен...
